10/19/14 - 13:13:21 : Log started.
10/19/14 - 13:13:38 : Init started, Forced shader model:NONE
10/19/14 - 13:13:38 : AMD Radeon HD 5800 Series aticfx32.dll (8.17.10.1267)
10/19/14 - 13:13:38 : VertexShaderVersion: 3.0   PixelShaderVersion: 3.0
10/19/14 - 13:13:38 : Bloom capable.
10/19/14 - 13:13:39 : Init finished successfully.
10/19/14 - 13:13:39 : Fullscreen = true
10/19/14 - 13:13:39 : BloomCap = true
10/19/14 - 13:13:39 : GPUCalcAvgLum = true
10/19/14 - 13:13:39 : DownSample_Cap = true
10/19/14 - 13:13:39 : SLISupportActive = false
10/19/14 - 13:13:39 : SLIOnFrame = true
10/19/14 - 13:13:39 : BloomCap = true
10/19/14 - 13:13:40 : Init started, Forced shader model:NONE
10/19/14 - 13:13:40 : AMD Radeon HD 5800 Series aticfx32.dll (8.17.10.1267)
10/19/14 - 13:13:40 : VertexShaderVersion: 3.0   PixelShaderVersion: 3.0
10/19/14 - 13:13:40 : Bloom capable.
10/19/14 - 13:13:40 : Init finished successfully.
10/19/14 - 13:13:40 : Fullscreen = false
10/19/14 - 13:13:40 : BloomCap = true
10/19/14 - 13:13:40 : GPUCalcAvgLum = false
10/19/14 - 13:13:40 : DownSample_Cap = true
10/19/14 - 13:13:40 : SLISupportActive = false
10/19/14 - 13:13:40 : SLIOnFrame = true
10/19/14 - 13:13:40 : BloomCap = true
10/19/14 - 13:13:40 : Init started, Forced shader model:NONE
10/19/14 - 13:13:40 : AMD Radeon HD 5800 Series aticfx32.dll (8.17.10.1267)
10/19/14 - 13:13:40 : VertexShaderVersion: 3.0   PixelShaderVersion: 3.0
10/19/14 - 13:13:40 : Bloom capable.
10/19/14 - 13:13:40 : Init finished successfully.
10/19/14 - 13:13:40 : Fullscreen = true
10/19/14 - 13:13:40 : BloomCap = true
10/19/14 - 13:13:40 : GPUCalcAvgLum = true
10/19/14 - 13:13:40 : DownSample_Cap = true
10/19/14 - 13:13:40 : SLISupportActive = false
10/19/14 - 13:13:40 : SLIOnFrame = true
10/19/14 - 13:13:40 : BloomCap = true
10/19/14 - 13:16:24 : Init started, Forced shader model:NONE
10/19/14 - 13:16:24 : AMD Radeon HD 5800 Series aticfx32.dll (8.17.10.1267)
10/19/14 - 13:16:24 : VertexShaderVersion: 3.0   PixelShaderVersion: 3.0
10/19/14 - 13:16:24 : Bloom capable.
10/19/14 - 13:16:24 : Init finished successfully.
10/19/14 - 13:16:24 : Fullscreen = true
10/19/14 - 13:16:24 : BloomCap = true
10/19/14 - 13:16:24 : GPUCalcAvgLum = true
10/19/14 - 13:16:24 : DownSample_Cap = true
10/19/14 - 13:16:24 : SLISupportActive = false
10/19/14 - 13:16:24 : SLIOnFrame = true
10/19/14 - 13:16:24 : BloomCap = true
10/19/14 - 13:23:02 : CleanUp.
10/19/14 - 13:23:03 : CleanUp.
